15:23:40.929 Api Request Received: messageType:GetStepValueRequest messageId:129 stepValueRequest:<stepText:"The word <word> has <number> vowels." > 
15:23:40.930 Sending API response: messageType:GetStepValueResponse messageId:129 stepValueResponse:<stepValue:<stepValue:"The word {} has {} vowels." parameterizedStepValue:"The word <word> has <number> vowels." parameters:"word" parameters:"number" > > 
15:23:40.931 Api Request Received: messageType:GetStepValueRequest messageId:76 stepValueRequest:<stepText:"Vowels in English language are <vowels>." > 
15:23:40.931 Sending API response: messageType:GetStepValueResponse messageId:76 stepValueResponse:<stepValue:<stepValue:"Vowels in English language are {}." parameterizedStepValue:"Vowels in English language are <vowels>." parameters:"vowels" > > 
15:23:40.933 Api Request Received: messageType:GetStepValueRequest messageId:12 stepValueRequest:<stepText:"Almost all words have vowels <table>" > 
15:23:40.933 Sending API response: messageType:GetStepValueResponse messageId:12 stepValueResponse:<stepValue:<stepValue:"Almost all words have vowels {}" parameterizedStepValue:"Almost all words have vowels <table>" parameters:"table" > > 
16:33:49.363 Api Request Received: messageType:GetStepValueRequest messageId:151 stepValueRequest:<stepText:"Search term <term> on google page" > 
16:33:49.363 Sending API response: messageType:GetStepValueResponse messageId:151 stepValueResponse:<stepValue:<stepValue:"Search term {} on google page" parameterizedStepValue:"Search term <term> on google page" parameters:"term" > > 
16:33:49.380 Api Request Received: messageType:GetStepValueRequest messageId:254 stepValueRequest:<stepText:"The word <word> has <number> vowels." > 
16:33:49.380 Sending API response: messageType:GetStepValueResponse messageId:254 stepValueResponse:<stepValue:<stepValue:"The word {} has {} vowels." parameterizedStepValue:"The word <word> has <number> vowels." parameters:"word" parameters:"number" > > 
16:33:49.381 Api Request Received: messageType:GetStepValueRequest messageId:84 stepValueRequest:<stepText:"Vowels in English language are <vowels>." > 
16:33:49.382 Sending API response: messageType:GetStepValueResponse messageId:84 stepValueResponse:<stepValue:<stepValue:"Vowels in English language are {}." parameterizedStepValue:"Vowels in English language are <vowels>." parameters:"vowels" > > 
16:33:49.383 Api Request Received: messageType:GetStepValueRequest messageId:133 stepValueRequest:<stepText:"Almost all words have vowels <table>" > 
16:33:49.383 Sending API response: messageType:GetStepValueResponse messageId:133 stepValueResponse:<stepValue:<stepValue:"Almost all words have vowels {}" parameterizedStepValue:"Almost all words have vowels <table>" parameters:"table" > > 
16:35:09.911 Api Request Received: messageType:GetStepValueRequest messageId:83 stepValueRequest:<stepText:"Search term <term> on google page" > 
16:35:09.911 Sending API response: messageType:GetStepValueResponse messageId:83 stepValueResponse:<stepValue:<stepValue:"Search term {} on google page" parameterizedStepValue:"Search term <term> on google page" parameters:"term" > > 
16:35:09.930 Api Request Received: messageType:GetStepValueRequest messageId:51 stepValueRequest:<stepText:"The word <word> has <number> vowels." > 
16:35:09.930 Sending API response: messageType:GetStepValueResponse messageId:51 stepValueResponse:<stepValue:<stepValue:"The word {} has {} vowels." parameterizedStepValue:"The word <word> has <number> vowels." parameters:"word" parameters:"number" > > 
16:35:09.931 Api Request Received: messageType:GetStepValueRequest messageId:178 stepValueRequest:<stepText:"Vowels in English language are <vowels>." > 
16:35:09.932 Sending API response: messageType:GetStepValueResponse messageId:178 stepValueResponse:<stepValue:<stepValue:"Vowels in English language are {}." parameterizedStepValue:"Vowels in English language are <vowels>." parameters:"vowels" > > 
16:35:09.933 Api Request Received: messageType:GetStepValueRequest messageId:252 stepValueRequest:<stepText:"Almost all words have vowels <table>" > 
16:35:09.934 Sending API response: messageType:GetStepValueResponse messageId:252 stepValueResponse:<stepValue:<stepValue:"Almost all words have vowels {}" parameterizedStepValue:"Almost all words have vowels <table>" parameters:"table" > > 
16:35:20.149 Api Request Received: messageType:GetStepValueRequest messageId:246 stepValueRequest:<stepText:"Search term <term> on google page" > 
16:35:20.150 Sending API response: messageType:GetStepValueResponse messageId:246 stepValueResponse:<stepValue:<stepValue:"Search term {} on google page" parameterizedStepValue:"Search term <term> on google page" parameters:"term" > > 
16:35:20.167 Api Request Received: messageType:GetStepValueRequest messageId:47 stepValueRequest:<stepText:"The word <word> has <number> vowels." > 
16:35:20.167 Sending API response: messageType:GetStepValueResponse messageId:47 stepValueResponse:<stepValue:<stepValue:"The word {} has {} vowels." parameterizedStepValue:"The word <word> has <number> vowels." parameters:"word" parameters:"number" > > 
16:35:20.168 Api Request Received: messageType:GetStepValueRequest messageId:46 stepValueRequest:<stepText:"Vowels in English language are <vowels>." > 
16:35:20.169 Sending API response: messageType:GetStepValueResponse messageId:46 stepValueResponse:<stepValue:<stepValue:"Vowels in English language are {}." parameterizedStepValue:"Vowels in English language are <vowels>." parameters:"vowels" > > 
16:35:20.170 Api Request Received: messageType:GetStepValueRequest messageId:12 stepValueRequest:<stepText:"Almost all words have vowels <table>" > 
16:35:20.170 Sending API response: messageType:GetStepValueResponse messageId:12 stepValueResponse:<stepValue:<stepValue:"Almost all words have vowels {}" parameterizedStepValue:"Almost all words have vowels <table>" parameters:"table" > > 
16:36:40.661 Api Request Received: messageType:GetStepValueRequest messageId:209 stepValueRequest:<stepText:"Search term <term> on google page" > 
16:36:40.662 Sending API response: messageType:GetStepValueResponse messageId:209 stepValueResponse:<stepValue:<stepValue:"Search term {} on google page" parameterizedStepValue:"Search term <term> on google page" parameters:"term" > > 
16:36:40.679 Api Request Received: messageType:GetStepValueRequest messageId:242 stepValueRequest:<stepText:"The word <word> has <number> vowels." > 
16:36:40.679 Sending API response: messageType:GetStepValueResponse messageId:242 stepValueResponse:<stepValue:<stepValue:"The word {} has {} vowels." parameterizedStepValue:"The word <word> has <number> vowels." parameters:"word" parameters:"number" > > 
16:36:40.681 Api Request Received: messageType:GetStepValueRequest messageId:221 stepValueRequest:<stepText:"Vowels in English language are <vowels>." > 
16:36:40.681 Sending API response: messageType:GetStepValueResponse messageId:221 stepValueResponse:<stepValue:<stepValue:"Vowels in English language are {}." parameterizedStepValue:"Vowels in English language are <vowels>." parameters:"vowels" > > 
16:36:40.682 Api Request Received: messageType:GetStepValueRequest messageId:238 stepValueRequest:<stepText:"Almost all words have vowels <table>" > 
16:36:40.682 Sending API response: messageType:GetStepValueResponse messageId:238 stepValueResponse:<stepValue:<stepValue:"Almost all words have vowels {}" parameterizedStepValue:"Almost all words have vowels <table>" parameters:"table" > > 
16:37:25.131 Api Request Received: messageType:GetStepValueRequest messageId:34 stepValueRequest:<stepText:"Search term <term> on google page" > 
16:37:25.132 Sending API response: messageType:GetStepValueResponse messageId:34 stepValueResponse:<stepValue:<stepValue:"Search term {} on google page" parameterizedStepValue:"Search term <term> on google page" parameters:"term" > > 
16:37:25.150 Api Request Received: messageType:GetStepValueRequest messageId:115 stepValueRequest:<stepText:"The word <word> has <number> vowels." > 
16:37:25.150 Sending API response: messageType:GetStepValueResponse messageId:115 stepValueResponse:<stepValue:<stepValue:"The word {} has {} vowels." parameterizedStepValue:"The word <word> has <number> vowels." parameters:"word" parameters:"number" > > 
16:37:25.152 Api Request Received: messageType:GetStepValueRequest messageId:131 stepValueRequest:<stepText:"Vowels in English language are <vowels>." > 
16:37:25.152 Sending API response: messageType:GetStepValueResponse messageId:131 stepValueResponse:<stepValue:<stepValue:"Vowels in English language are {}." parameterizedStepValue:"Vowels in English language are <vowels>." parameters:"vowels" > > 
16:37:25.155 Api Request Received: messageType:GetStepValueRequest messageId:247 stepValueRequest:<stepText:"Almost all words have vowels <table>" > 
16:37:25.155 Sending API response: messageType:GetStepValueResponse messageId:247 stepValueResponse:<stepValue:<stepValue:"Almost all words have vowels {}" parameterizedStepValue:"Almost all words have vowels <table>" parameters:"table" > > 
16:38:00.347 Api Request Received: messageType:GetStepValueRequest messageId:248 stepValueRequest:<stepText:"Search term <term> on google page" > 
16:38:00.347 Sending API response: messageType:GetStepValueResponse messageId:248 stepValueResponse:<stepValue:<stepValue:"Search term {} on google page" parameterizedStepValue:"Search term <term> on google page" parameters:"term" > > 
16:38:00.364 Api Request Received: messageType:GetStepValueRequest messageId:28 stepValueRequest:<stepText:"The word <word> has <number> vowels." > 
16:38:00.364 Sending API response: messageType:GetStepValueResponse messageId:28 stepValueResponse:<stepValue:<stepValue:"The word {} has {} vowels." parameterizedStepValue:"The word <word> has <number> vowels." parameters:"word" parameters:"number" > > 
16:38:00.365 Api Request Received: messageType:GetStepValueRequest messageId:86 stepValueRequest:<stepText:"Vowels in English language are <vowels>." > 
16:38:00.365 Sending API response: messageType:GetStepValueResponse messageId:86 stepValueResponse:<stepValue:<stepValue:"Vowels in English language are {}." parameterizedStepValue:"Vowels in English language are <vowels>." parameters:"vowels" > > 
16:38:00.367 Api Request Received: messageType:GetStepValueRequest messageId:156 stepValueRequest:<stepText:"Almost all words have vowels <table>" > 
16:38:00.367 Sending API response: messageType:GetStepValueResponse messageId:156 stepValueResponse:<stepValue:<stepValue:"Almost all words have vowels {}" parameterizedStepValue:"Almost all words have vowels <table>" parameters:"table" > > 
16:40:09.191 Api Request Received: messageType:GetStepValueRequest messageId:18 stepValueRequest:<stepText:"The word <word> has <number> vowels." > 
16:40:09.192 Sending API response: messageType:GetStepValueResponse messageId:18 stepValueResponse:<stepValue:<stepValue:"The word {} has {} vowels." parameterizedStepValue:"The word <word> has <number> vowels." parameters:"word" parameters:"number" > > 
16:40:09.194 Api Request Received: messageType:GetStepValueRequest messageId:39 stepValueRequest:<stepText:"Vowels in English language are <vowels>." > 
16:40:09.194 Sending API response: messageType:GetStepValueResponse messageId:39 stepValueResponse:<stepValue:<stepValue:"Vowels in English language are {}." parameterizedStepValue:"Vowels in English language are <vowels>." parameters:"vowels" > > 
16:40:09.196 Api Request Received: messageType:GetStepValueRequest messageId:12 stepValueRequest:<stepText:"Almost all words have vowels <table>" > 
16:40:09.196 Sending API response: messageType:GetStepValueResponse messageId:12 stepValueResponse:<stepValue:<stepValue:"Almost all words have vowels {}" parameterizedStepValue:"Almost all words have vowels <table>" parameters:"table" > > 
16:40:15.657 Api Request Received: messageType:GetStepValueRequest messageId:216 stepValueRequest:<stepText:"The word <word> has <number> vowels." > 
16:40:15.657 Sending API response: messageType:GetStepValueResponse messageId:216 stepValueResponse:<stepValue:<stepValue:"The word {} has {} vowels." parameterizedStepValue:"The word <word> has <number> vowels." parameters:"word" parameters:"number" > > 
16:40:15.659 Api Request Received: messageType:GetStepValueRequest messageId:66 stepValueRequest:<stepText:"Vowels in English language are <vowels>." > 
16:40:15.659 Sending API response: messageType:GetStepValueResponse messageId:66 stepValueResponse:<stepValue:<stepValue:"Vowels in English language are {}." parameterizedStepValue:"Vowels in English language are <vowels>." parameters:"vowels" > > 
16:40:15.661 Api Request Received: messageType:GetStepValueRequest messageId:53 stepValueRequest:<stepText:"Almost all words have vowels <table>" > 
16:40:15.661 Sending API response: messageType:GetStepValueResponse messageId:53 stepValueResponse:<stepValue:<stepValue:"Almost all words have vowels {}" parameterizedStepValue:"Almost all words have vowels <table>" parameters:"table" > > 
16:40:33.389 Api Request Received: messageType:GetStepValueRequest messageId:142 stepValueRequest:<stepText:"Search term <term> on google page" > 
16:40:33.389 Sending API response: messageType:GetStepValueResponse messageId:142 stepValueResponse:<stepValue:<stepValue:"Search term {} on google page" parameterizedStepValue:"Search term <term> on google page" parameters:"term" > > 
16:40:33.406 Api Request Received: messageType:GetStepValueRequest messageId:224 stepValueRequest:<stepText:"The word <word> has <number> vowels." > 
16:40:33.406 Sending API response: messageType:GetStepValueResponse messageId:224 stepValueResponse:<stepValue:<stepValue:"The word {} has {} vowels." parameterizedStepValue:"The word <word> has <number> vowels." parameters:"word" parameters:"number" > > 
16:40:33.408 Api Request Received: messageType:GetStepValueRequest messageId:71 stepValueRequest:<stepText:"Vowels in English language are <vowels>." > 
16:40:33.408 Sending API response: messageType:GetStepValueResponse messageId:71 stepValueResponse:<stepValue:<stepValue:"Vowels in English language are {}." parameterizedStepValue:"Vowels in English language are <vowels>." parameters:"vowels" > > 
16:40:33.410 Api Request Received: messageType:GetStepValueRequest messageId:95 stepValueRequest:<stepText:"Almost all words have vowels <table>" > 
16:40:33.410 Sending API response: messageType:GetStepValueResponse messageId:95 stepValueResponse:<stepValue:<stepValue:"Almost all words have vowels {}" parameterizedStepValue:"Almost all words have vowels <table>" parameters:"table" > > 
16:41:26.118 Api Request Received: messageType:GetStepValueRequest messageId:138 stepValueRequest:<stepText:"Search term <term> on google page" > 
16:41:26.119 Sending API response: messageType:GetStepValueResponse messageId:138 stepValueResponse:<stepValue:<stepValue:"Search term {} on google page" parameterizedStepValue:"Search term <term> on google page" parameters:"term" > > 
16:41:26.135 Api Request Received: messageType:GetStepValueRequest messageId:104 stepValueRequest:<stepText:"The word <word> has <number> vowels." > 
16:41:26.136 Sending API response: messageType:GetStepValueResponse messageId:104 stepValueResponse:<stepValue:<stepValue:"The word {} has {} vowels." parameterizedStepValue:"The word <word> has <number> vowels." parameters:"word" parameters:"number" > > 
16:41:26.137 Api Request Received: messageType:GetStepValueRequest messageId:50 stepValueRequest:<stepText:"Vowels in English language are <vowels>." > 
16:41:26.137 Sending API response: messageType:GetStepValueResponse messageId:50 stepValueResponse:<stepValue:<stepValue:"Vowels in English language are {}." parameterizedStepValue:"Vowels in English language are <vowels>." parameters:"vowels" > > 
16:41:26.139 Api Request Received: messageType:GetStepValueRequest messageId:102 stepValueRequest:<stepText:"Almost all words have vowels <table>" > 
16:41:26.139 Sending API response: messageType:GetStepValueResponse messageId:102 stepValueResponse:<stepValue:<stepValue:"Almost all words have vowels {}" parameterizedStepValue:"Almost all words have vowels <table>" parameters:"table" > > 
16:52:10.780 Api Request Received: messageType:GetStepValueRequest messageId:108 stepValueRequest:<stepText:"Search term <term> on google page" > 
16:52:10.781 Sending API response: messageType:GetStepValueResponse messageId:108 stepValueResponse:<stepValue:<stepValue:"Search term {} on google page" parameterizedStepValue:"Search term <term> on google page" parameters:"term" > > 
16:52:10.782 Api Request Received: messageType:GetStepValueRequest messageId:240 stepValueRequest:<stepText:"Verify that first result term is <term>" > 
16:52:10.782 Sending API response: messageType:GetStepValueResponse messageId:240 stepValueResponse:<stepValue:<stepValue:"Verify that first result term is {}" parameterizedStepValue:"Verify that first result term is <term>" parameters:"term" > > 
16:52:10.799 Api Request Received: messageType:GetStepValueRequest messageId:212 stepValueRequest:<stepText:"The word <word> has <number> vowels." > 
16:52:10.800 Sending API response: messageType:GetStepValueResponse messageId:212 stepValueResponse:<stepValue:<stepValue:"The word {} has {} vowels." parameterizedStepValue:"The word <word> has <number> vowels." parameters:"word" parameters:"number" > > 
16:52:10.801 Api Request Received: messageType:GetStepValueRequest messageId:81 stepValueRequest:<stepText:"Vowels in English language are <vowels>." > 
16:52:10.801 Sending API response: messageType:GetStepValueResponse messageId:81 stepValueResponse:<stepValue:<stepValue:"Vowels in English language are {}." parameterizedStepValue:"Vowels in English language are <vowels>." parameters:"vowels" > > 
16:52:10.803 Api Request Received: messageType:GetStepValueRequest messageId:114 stepValueRequest:<stepText:"Almost all words have vowels <table>" > 
16:52:10.803 Sending API response: messageType:GetStepValueResponse messageId:114 stepValueResponse:<stepValue:<stepValue:"Almost all words have vowels {}" parameterizedStepValue:"Almost all words have vowels <table>" parameters:"table" > > 
16:54:55.150 Api Request Received: messageType:GetStepValueRequest messageId:223 stepValueRequest:<stepText:"Search term <term> on google page" > 
16:54:55.151 Sending API response: messageType:GetStepValueResponse messageId:223 stepValueResponse:<stepValue:<stepValue:"Search term {} on google page" parameterizedStepValue:"Search term <term> on google page" parameters:"term" > > 
16:54:55.152 Api Request Received: messageType:GetStepValueRequest messageId:20 stepValueRequest:<stepText:"Verify that first result term is <term>" > 
16:54:55.152 Sending API response: messageType:GetStepValueResponse messageId:20 stepValueResponse:<stepValue:<stepValue:"Verify that first result term is {}" parameterizedStepValue:"Verify that first result term is <term>" parameters:"term" > > 
16:54:55.169 Api Request Received: messageType:GetStepValueRequest messageId:128 stepValueRequest:<stepText:"The word <word> has <number> vowels." > 
16:54:55.169 Sending API response: messageType:GetStepValueResponse messageId:128 stepValueResponse:<stepValue:<stepValue:"The word {} has {} vowels." parameterizedStepValue:"The word <word> has <number> vowels." parameters:"word" parameters:"number" > > 
16:54:55.171 Api Request Received: messageType:GetStepValueRequest messageId:56 stepValueRequest:<stepText:"Vowels in English language are <vowels>." > 
16:54:55.171 Sending API response: messageType:GetStepValueResponse messageId:56 stepValueResponse:<stepValue:<stepValue:"Vowels in English language are {}." parameterizedStepValue:"Vowels in English language are <vowels>." parameters:"vowels" > > 
16:54:55.173 Api Request Received: messageType:GetStepValueRequest messageId:120 stepValueRequest:<stepText:"Almost all words have vowels <table>" > 
16:54:55.173 Sending API response: messageType:GetStepValueResponse messageId:120 stepValueResponse:<stepValue:<stepValue:"Almost all words have vowels {}" parameterizedStepValue:"Almost all words have vowels <table>" parameters:"table" > > 
16:56:02.492 Api Request Received: messageType:GetStepValueRequest messageId:35 stepValueRequest:<stepText:"Search term <term> on google page" > 
16:56:02.493 Sending API response: messageType:GetStepValueResponse messageId:35 stepValueResponse:<stepValue:<stepValue:"Search term {} on google page" parameterizedStepValue:"Search term <term> on google page" parameters:"term" > > 
16:56:02.494 Api Request Received: messageType:GetStepValueRequest messageId:34 stepValueRequest:<stepText:"Verify that first result term is <term>" > 
16:56:02.495 Sending API response: messageType:GetStepValueResponse messageId:34 stepValueResponse:<stepValue:<stepValue:"Verify that first result term is {}" parameterizedStepValue:"Verify that first result term is <term>" parameters:"term" > > 
16:56:02.511 Api Request Received: messageType:GetStepValueRequest messageId:225 stepValueRequest:<stepText:"The word <word> has <number> vowels." > 
16:56:02.512 Sending API response: messageType:GetStepValueResponse messageId:225 stepValueResponse:<stepValue:<stepValue:"The word {} has {} vowels." parameterizedStepValue:"The word <word> has <number> vowels." parameters:"word" parameters:"number" > > 
16:56:02.513 Api Request Received: messageType:GetStepValueRequest messageId:172 stepValueRequest:<stepText:"Vowels in English language are <vowels>." > 
16:56:02.513 Sending API response: messageType:GetStepValueResponse messageId:172 stepValueResponse:<stepValue:<stepValue:"Vowels in English language are {}." parameterizedStepValue:"Vowels in English language are <vowels>." parameters:"vowels" > > 
16:56:02.515 Api Request Received: messageType:GetStepValueRequest messageId:253 stepValueRequest:<stepText:"Almost all words have vowels <table>" > 
16:56:02.515 Sending API response: messageType:GetStepValueResponse messageId:253 stepValueResponse:<stepValue:<stepValue:"Almost all words have vowels {}" parameterizedStepValue:"Almost all words have vowels <table>" parameters:"table" > > 
16:56:54.140 Api Request Received: messageType:GetStepValueRequest messageId:196 stepValueRequest:<stepText:"Search term <term> on google page" > 
16:56:54.140 Sending API response: messageType:GetStepValueResponse messageId:196 stepValueResponse:<stepValue:<stepValue:"Search term {} on google page" parameterizedStepValue:"Search term <term> on google page" parameters:"term" > > 
16:56:54.142 Api Request Received: messageType:GetStepValueRequest messageId:79 stepValueRequest:<stepText:"Verify that first result term is <term>" > 
16:56:54.142 Sending API response: messageType:GetStepValueResponse messageId:79 stepValueResponse:<stepValue:<stepValue:"Verify that first result term is {}" parameterizedStepValue:"Verify that first result term is <term>" parameters:"term" > > 
16:56:54.161 Api Request Received: messageType:GetStepValueRequest messageId:222 stepValueRequest:<stepText:"The word <word> has <number> vowels." > 
16:56:54.161 Sending API response: messageType:GetStepValueResponse messageId:222 stepValueResponse:<stepValue:<stepValue:"The word {} has {} vowels." parameterizedStepValue:"The word <word> has <number> vowels." parameters:"word" parameters:"number" > > 
16:56:54.163 Api Request Received: messageType:GetStepValueRequest messageId:191 stepValueRequest:<stepText:"Vowels in English language are <vowels>." > 
16:56:54.163 Sending API response: messageType:GetStepValueResponse messageId:191 stepValueResponse:<stepValue:<stepValue:"Vowels in English language are {}." parameterizedStepValue:"Vowels in English language are <vowels>." parameters:"vowels" > > 
16:56:54.165 Api Request Received: messageType:GetStepValueRequest messageId:220 stepValueRequest:<stepText:"Almost all words have vowels <table>" > 
16:56:54.165 Sending API response: messageType:GetStepValueResponse messageId:220 stepValueResponse:<stepValue:<stepValue:"Almost all words have vowels {}" parameterizedStepValue:"Almost all words have vowels <table>" parameters:"table" > > 
17:00:14.324 Api Request Received: messageType:GetStepValueRequest messageId:198 stepValueRequest:<stepText:"Search term <term> on google page" > 
17:00:14.325 Sending API response: messageType:GetStepValueResponse messageId:198 stepValueResponse:<stepValue:<stepValue:"Search term {} on google page" parameterizedStepValue:"Search term <term> on google page" parameters:"term" > > 
17:00:14.327 Api Request Received: messageType:GetStepValueRequest messageId:24 stepValueRequest:<stepText:"Verify that first result term is <term>" > 
17:00:14.327 Sending API response: messageType:GetStepValueResponse messageId:24 stepValueResponse:<stepValue:<stepValue:"Verify that first result term is {}" parameterizedStepValue:"Verify that first result term is <term>" parameters:"term" > > 
17:00:14.347 Api Request Received: messageType:GetStepValueRequest messageId:63 stepValueRequest:<stepText:"The word <word> has <number> vowels." > 
17:00:14.347 Sending API response: messageType:GetStepValueResponse messageId:63 stepValueResponse:<stepValue:<stepValue:"The word {} has {} vowels." parameterizedStepValue:"The word <word> has <number> vowels." parameters:"word" parameters:"number" > > 
17:00:14.349 Api Request Received: messageType:GetStepValueRequest messageId:226 stepValueRequest:<stepText:"Vowels in English language are <vowels>." > 
17:00:14.349 Sending API response: messageType:GetStepValueResponse messageId:226 stepValueResponse:<stepValue:<stepValue:"Vowels in English language are {}." parameterizedStepValue:"Vowels in English language are <vowels>." parameters:"vowels" > > 
17:00:14.351 Api Request Received: messageType:GetStepValueRequest messageId:160 stepValueRequest:<stepText:"Almost all words have vowels <table>" > 
17:00:14.351 Sending API response: messageType:GetStepValueResponse messageId:160 stepValueResponse:<stepValue:<stepValue:"Almost all words have vowels {}" parameterizedStepValue:"Almost all words have vowels <table>" parameters:"table" > > 
17:00:58.589 Api Request Received: messageType:GetStepValueRequest messageId:198 stepValueRequest:<stepText:"Search term <term> on google page" > 
17:00:58.589 Sending API response: messageType:GetStepValueResponse messageId:198 stepValueResponse:<stepValue:<stepValue:"Search term {} on google page" parameterizedStepValue:"Search term <term> on google page" parameters:"term" > > 
17:00:58.591 Api Request Received: messageType:GetStepValueRequest messageId:75 stepValueRequest:<stepText:"Verify that first result term is <term>" > 
17:00:58.591 Sending API response: messageType:GetStepValueResponse messageId:75 stepValueResponse:<stepValue:<stepValue:"Verify that first result term is {}" parameterizedStepValue:"Verify that first result term is <term>" parameters:"term" > > 
17:00:58.609 Api Request Received: messageType:GetStepValueRequest messageId:30 stepValueRequest:<stepText:"The word <word> has <number> vowels." > 
17:00:58.609 Sending API response: messageType:GetStepValueResponse messageId:30 stepValueResponse:<stepValue:<stepValue:"The word {} has {} vowels." parameterizedStepValue:"The word <word> has <number> vowels." parameters:"word" parameters:"number" > > 
17:00:58.610 Api Request Received: messageType:GetStepValueRequest messageId:121 stepValueRequest:<stepText:"Vowels in English language are <vowels>." > 
17:00:58.611 Sending API response: messageType:GetStepValueResponse messageId:121 stepValueResponse:<stepValue:<stepValue:"Vowels in English language are {}." parameterizedStepValue:"Vowels in English language are <vowels>." parameters:"vowels" > > 
17:00:58.613 Api Request Received: messageType:GetStepValueRequest messageId:165 stepValueRequest:<stepText:"Almost all words have vowels <table>" > 
17:00:58.613 Sending API response: messageType:GetStepValueResponse messageId:165 stepValueResponse:<stepValue:<stepValue:"Almost all words have vowels {}" parameterizedStepValue:"Almost all words have vowels <table>" parameters:"table" > > 
17:01:39.991 Api Request Received: messageType:GetStepValueRequest messageId:33 stepValueRequest:<stepText:"Search term <term> on google page" > 
17:01:39.991 Sending API response: messageType:GetStepValueResponse messageId:33 stepValueResponse:<stepValue:<stepValue:"Search term {} on google page" parameterizedStepValue:"Search term <term> on google page" parameters:"term" > > 
17:01:39.993 Api Request Received: messageType:GetStepValueRequest messageId:1 stepValueRequest:<stepText:"Verify that first result term is <term>" > 
17:01:39.993 Sending API response: messageType:GetStepValueResponse messageId:1 stepValueResponse:<stepValue:<stepValue:"Verify that first result term is {}" parameterizedStepValue:"Verify that first result term is <term>" parameters:"term" > > 
17:01:40.013 Api Request Received: messageType:GetStepValueRequest messageId:56 stepValueRequest:<stepText:"The word <word> has <number> vowels." > 
17:01:40.014 Sending API response: messageType:GetStepValueResponse messageId:56 stepValueResponse:<stepValue:<stepValue:"The word {} has {} vowels." parameterizedStepValue:"The word <word> has <number> vowels." parameters:"word" parameters:"number" > > 
17:01:40.015 Api Request Received: messageType:GetStepValueRequest messageId:193 stepValueRequest:<stepText:"Vowels in English language are <vowels>." > 
17:01:40.015 Sending API response: messageType:GetStepValueResponse messageId:193 stepValueResponse:<stepValue:<stepValue:"Vowels in English language are {}." parameterizedStepValue:"Vowels in English language are <vowels>." parameters:"vowels" > > 
17:01:40.017 Api Request Received: messageType:GetStepValueRequest messageId:237 stepValueRequest:<stepText:"Almost all words have vowels <table>" > 
17:01:40.017 Sending API response: messageType:GetStepValueResponse messageId:237 stepValueResponse:<stepValue:<stepValue:"Almost all words have vowels {}" parameterizedStepValue:"Almost all words have vowels <table>" parameters:"table" > > 
17:05:57.781 Api Request Received: messageType:GetStepValueRequest messageId:114 stepValueRequest:<stepText:"Search term <term> on google page" > 
17:05:57.782 Sending API response: messageType:GetStepValueResponse messageId:114 stepValueResponse:<stepValue:<stepValue:"Search term {} on google page" parameterizedStepValue:"Search term <term> on google page" parameters:"term" > > 
17:05:57.784 Api Request Received: messageType:GetStepValueRequest messageId:178 stepValueRequest:<stepText:"Verify that first result term is <term>" > 
17:05:57.784 Sending API response: messageType:GetStepValueResponse messageId:178 stepValueResponse:<stepValue:<stepValue:"Verify that first result term is {}" parameterizedStepValue:"Verify that first result term is <term>" parameters:"term" > > 
17:05:57.804 Api Request Received: messageType:GetStepValueRequest messageId:166 stepValueRequest:<stepText:"The word <word> has <number> vowels." > 
17:05:57.804 Sending API response: messageType:GetStepValueResponse messageId:166 stepValueResponse:<stepValue:<stepValue:"The word {} has {} vowels." parameterizedStepValue:"The word <word> has <number> vowels." parameters:"word" parameters:"number" > > 
17:05:57.806 Api Request Received: messageType:GetStepValueRequest messageId:248 stepValueRequest:<stepText:"Vowels in English language are <vowels>." > 
17:05:57.806 Sending API response: messageType:GetStepValueResponse messageId:248 stepValueResponse:<stepValue:<stepValue:"Vowels in English language are {}." parameterizedStepValue:"Vowels in English language are <vowels>." parameters:"vowels" > > 
17:05:57.808 Api Request Received: messageType:GetStepValueRequest messageId:5 stepValueRequest:<stepText:"Almost all words have vowels <table>" > 
17:05:57.808 Sending API response: messageType:GetStepValueResponse messageId:5 stepValueResponse:<stepValue:<stepValue:"Almost all words have vowels {}" parameterizedStepValue:"Almost all words have vowels <table>" parameters:"table" > > 
